<?xml version="1.0" encoding="UTF-8"?>
<!-- Generated by org.testng.reporters.JUnitReportReporter -->
<testsuite hostname="ankur" name="learning.jenkins.facebook.UploadAndDownload" tests="2" failures="0" timestamp="8 Jul 2018 10:31:35 GMT" time="10.113" errors="1">
  <testcase name="login" time="9.772" classname="learning.jenkins.facebook.UploadAndDownload"/>
  <testcase name="upload_profile_pic" time="0.341" classname="learning.jenkins.facebook.UploadAndDownload">
    <error type="org.openqa.selenium.NoSuchElementException" message="Unable to locate element: //a/span[contains(text(),&#039;Leonardo&#039;)]
For documentation on this error, please visit: http://seleniumhq.org/exceptions/no_such_element.html
Build info: version: &#039;3.4.0&#039;, revision: &#039;unknown&#039;, time: &#039;unknown&#039;
System info: host: &#039;ankur&#039;, ip: &#039;127.0.0.1&#039;, os.name: &#039;Linux&#039;, os.arch: &#039;amd64&#039;, os.version: &#039;4.13.0-43-generic&#039;, java.version: &#039;1.8.0_161&#039;
Driver info: org.openqa.selenium.remote.RemoteWebDriver
Capabilities [{moz:profile=/tmp/rust_mozprofile.rOuNau1A9O21, rotatable=false, timeouts={implicit=0.0, pageLoad=300000.0, script=30000.0}, pageLoadStrategy=normal, moz:headless=false, platform=ANY, moz:accessibilityChecks=false, moz:useNonSpecCompliantPointerOrigin=false, webdriver.remote.sessionid=4e7f5c1e-fdc6-46b2-b162-fcbfd6282584, acceptInsecureCerts=true, browserVersion=60.0, platformVersion=4.13.0-43-generic, moz:processID=105.0, browserName=firefox, javascriptEnabled=true, platformName=linux, moz:webdriverClick=true}]
Session ID: 4e7f5c1e-fdc6-46b2-b162-fcbfd6282584
*** Element info: {Using=xpath, value=//a/span[contains(text(),&#039;Leonardo&#039;)]}">
      <![CDATA[org.openqa.selenium.NoSuchElementException: Unable to locate element: //a/span[contains(text(),'Leonardo')]
For documentation on this error, please visit: http://seleniumhq.org/exceptions/no_such_element.html
Build info: version: '3.4.0', revision: 'unknown', time: 'unknown'
System info: host: 'ankur', ip: '127.0.0.1', os.name: 'Linux', os.arch: 'amd64', os.version: '4.13.0-43-generic', java.version: '1.8.0_161'
Driver info: org.openqa.selenium.remote.RemoteWebDriver
Capabilities [{moz:profile=/tmp/rust_mozprofile.rOuNau1A9O21, rotatable=false, timeouts={implicit=0.0, pageLoad=300000.0, script=30000.0}, pageLoadStrategy=normal, moz:headless=false, platform=ANY, moz:accessibilityChecks=false, moz:useNonSpecCompliantPointerOrigin=false, webdriver.remote.sessionid=4e7f5c1e-fdc6-46b2-b162-fcbfd6282584, acceptInsecureCerts=true, browserVersion=60.0, platformVersion=4.13.0-43-generic, moz:processID=105.0, browserName=firefox, javascriptEnabled=true, platformName=linux, moz:webdriverClick=true}]
Session ID: 4e7f5c1e-fdc6-46b2-b162-fcbfd6282584
*** Element info: {Using=xpath, value=//a/span[contains(text(),'Leonardo')]}
	at sun.reflect.NativeConstructorAccessorImpl.newInstance0(Native Method)
	at sun.reflect.NativeConstructorAccessorImpl.newInstance(NativeConstructorAccessorImpl.java:62)
	at sun.reflect.DelegatingConstructorAccessorImpl.newInstance(DelegatingConstructorAccessorImpl.java:45)
	at java.lang.reflect.Constructor.newInstance(Constructor.java:423)
	at org.openqa.selenium.remote.http.W3CHttpResponseCodec.createException(W3CHttpResponseCodec.java:150)
	at org.openqa.selenium.remote.http.W3CHttpResponseCodec.decode(W3CHttpResponseCodec.java:115)
	at org.openqa.selenium.remote.http.W3CHttpResponseCodec.decode(W3CHttpResponseCodec.java:45)
	at org.openqa.selenium.remote.HttpCommandExecutor.execute(HttpCommandExecutor.java:164)
	at org.openqa.selenium.remote.RemoteWebDriver.execute(RemoteWebDriver.java:637)
	at org.openqa.selenium.remote.RemoteWebDriver.findElement(RemoteWebDriver.java:410)
	at org.openqa.selenium.remote.RemoteWebDriver.findElementByXPath(RemoteWebDriver.java:509)
	at org.openqa.selenium.By$ByXPath.findElement(By.java:361)
	at org.openqa.selenium.remote.RemoteWebDriver.findElement(RemoteWebDriver.java:402)
	at learning.jenkins.facebook.UploadAndDownload.upload_profile_pic(UploadAndDownload.java:62)
	at sun.reflect.NativeMethodAccessorImpl.invoke0(Native Method)
	at sun.reflect.NativeMethodAccessorImpl.invoke(NativeMethodAccessorImpl.java:62)
	at sun.reflect.DelegatingMethodAccessorImpl.invoke(DelegatingMethodAccessorImpl.java:43)
	at java.lang.reflect.Method.invoke(Method.java:498)
	at org.testng.internal.MethodInvocationHelper.invokeMethod(MethodInvocationHelper.java:85)
	at org.testng.internal.Invoker.invokeMethod(Invoker.java:639)
	at org.testng.internal.Invoker.invokeTestMethod(Invoker.java:816)
	at org.testng.internal.Invoker.invokeTestMethods(Invoker.java:1124)
	at org.testng.internal.TestMethodWorker.invokeTestMethods(TestMethodWorker.java:125)
	at org.testng.internal.TestMethodWorker.run(TestMethodWorker.java:108)
	at org.testng.TestRunner.privateRun(TestRunner.java:774)
	at org.testng.TestRunner.run(TestRunner.java:624)
	at org.testng.SuiteRunner.runTest(SuiteRunner.java:359)
	at org.testng.SuiteRunner.runSequentially(SuiteRunner.java:354)
	at org.testng.SuiteRunner.privateRun(SuiteRunner.java:312)
	at org.testng.SuiteRunner.run(SuiteRunner.java:261)
	at org.testng.SuiteRunnerWorker.runSuite(SuiteRunnerWorker.java:52)
	at org.testng.SuiteRunnerWorker.run(SuiteRunnerWorker.java:86)
	at org.testng.TestNG.runSuitesSequentially(TestNG.java:1215)
	at org.testng.TestNG.runSuitesLocally(TestNG.java:1140)
	at org.testng.TestNG.run(TestNG.java:1048)
	at learning.automation.facebook.functional.TestNGLauncher.invokeTestNG(TestNGLauncher.java:57)
	at learning.automation.facebook.driver.Driver.main(Driver.java:10)
]]>
    </error>
  </testcase> <!-- upload_profile_pic -->
</testsuite> <!-- learning.jenkins.facebook.UploadAndDownload -->
