<?xml version="1.0" encoding="UTF-8"?>
<!-- Generated by org.testng.reporters.JUnitReportReporter -->
<testsuite hostname="ankur" name="learning.jenkins.facebook.TestNGLauncher" tests="1" failures="0" timestamp="5 Nov 2017 10:39:43 GMT" time="0.031" errors="0">
  <testcase name="test12" time="0.031" classname="learning.jenkins.facebook.TestNGLauncher"/>
</testsuite> <!-- learning.jenkins.facebook.TestNGLauncher -->
